Time: 2025-09-25T12:26:26.614042
Method: GET
Path: /docs
Query Params: {}
Headers: {'host': '127.0.0.1:8000', 'connection': 'keep-alive', 'sec-ch-ua': '"Chromium";v="140", "Not=A?Brand";v="24", "Microsoft Edge";v="140"', 'sec-ch-ua-mobile': '?0', 'sec-ch-ua-platform': '"Windows"', 'upgrade-insecure-requests': '1', 'user-agent': 'Mozilla/5.0 (Windows NT 10.0; Win64; x64) AppleWebKit/537.36 (KHTML, like Gecko) Chrome/140.0.0.0 Safari/537.36 Edg/140.0.0.0', 'accept': 'text/html,application/xhtml+xml,application/xml;q=0.9,image/avif,image/webp,image/apng,*/*;q=0.8,application/signed-exchange;v=b3;q=0.7', 'sec-fetch-site': 'none', 'sec-fetch-mode': 'navigate', 'sec-fetch-user': '?1', 'sec-fetch-dest': 'document', 'accept-encoding': 'gzip, deflate, br, zstd', 'accept-language': 'en-US,en;q=0.9,en-IN;q=0.8'}
Status Code: 200
Duration: 0.0003s
----------------------------------------------------------------------------------------------------
Time: 2025-09-25T12:26:26.845432
Method: GET
Path: /openapi.json
Query Params: {}
Headers: {'host': '127.0.0.1:8000', 'connection': 'keep-alive', 'sec-ch-ua-platform': '"Windows"', 'user-agent': 'Mozilla/5.0 (Windows NT 10.0; Win64; x64) AppleWebKit/537.36 (KHTML, like Gecko) Chrome/140.0.0.0 Safari/537.36 Edg/140.0.0.0', 'accept': 'application/json,*/*', 'sec-ch-ua': '"Chromium";v="140", "Not=A?Brand";v="24", "Microsoft Edge";v="140"', 'sec-ch-ua-mobile': '?0', 'sec-fetch-site': 'same-origin', 'sec-fetch-mode': 'cors', 'sec-fetch-dest': 'empty', 'referer': 'http://127.0.0.1:8000/docs', 'accept-encoding': 'gzip, deflate, br, zstd', 'accept-language': 'en-US,en;q=0.9,en-IN;q=0.8'}
Status Code: 200
Duration: 0.0062s
----------------------------------------------------------------------------------------------------
Time: 2025-09-25T12:26:48.880179
Method: GET
Path: /v1/registration/postOffices/9
Query Params: {}
Headers: {'host': '127.0.0.1:8000', 'connection': 'keep-alive', 'sec-ch-ua-platform': '"Windows"', 'user-agent': 'Mozilla/5.0 (Windows NT 10.0; Win64; x64) AppleWebKit/537.36 (KHTML, like Gecko) Chrome/140.0.0.0 Safari/537.36 Edg/140.0.0.0', 'accept': 'application/json', 'sec-ch-ua': '"Chromium";v="140", "Not=A?Brand";v="24", "Microsoft Edge";v="140"', 'sec-ch-ua-mobile': '?0', 'sec-fetch-site': 'same-origin', 'sec-fetch-mode': 'cors', 'sec-fetch-dest': 'empty', 'referer': 'http://127.0.0.1:8000/docs', 'accept-encoding': 'gzip, deflate, br, zstd', 'accept-language': 'en-US,en;q=0.9,en-IN;q=0.8'}
Status Code: 200
Duration: 0.2212s
----------------------------------------------------------------------------------------------------
Time: 2025-09-25T12:27:01.359006
Method: GET
Path: /v1/registration/postOffices/711101
Query Params: {}
Headers: {'host': '127.0.0.1:8000', 'connection': 'keep-alive', 'sec-ch-ua-platform': '"Windows"', 'user-agent': 'Mozilla/5.0 (Windows NT 10.0; Win64; x64) AppleWebKit/537.36 (KHTML, like Gecko) Chrome/140.0.0.0 Safari/537.36 Edg/140.0.0.0', 'accept': 'application/json', 'sec-ch-ua': '"Chromium";v="140", "Not=A?Brand";v="24", "Microsoft Edge";v="140"', 'sec-ch-ua-mobile': '?0', 'sec-fetch-site': 'same-origin', 'sec-fetch-mode': 'cors', 'sec-fetch-dest': 'empty', 'referer': 'http://127.0.0.1:8000/docs', 'accept-encoding': 'gzip, deflate, br, zstd', 'accept-language': 'en-US,en;q=0.9,en-IN;q=0.8'}
Status Code: 200
Duration: 0.0131s
----------------------------------------------------------------------------------------------------
Time: 2025-09-25T12:27:29.283372
Method: GET
Path: /v1/registration/postOffices/711101
Query Params: {}
Headers: {'host': '127.0.0.1:8000', 'connection': 'keep-alive', 'sec-ch-ua-platform': '"Windows"', 'user-agent': 'Mozilla/5.0 (Windows NT 10.0; Win64; x64) AppleWebKit/537.36 (KHTML, like Gecko) Chrome/140.0.0.0 Safari/537.36 Edg/140.0.0.0', 'accept': 'application/json', 'sec-ch-ua': '"Chromium";v="140", "Not=A?Brand";v="24", "Microsoft Edge";v="140"', 'sec-ch-ua-mobile': '?0', 'sec-fetch-site': 'same-origin', 'sec-fetch-mode': 'cors', 'sec-fetch-dest': 'empty', 'referer': 'http://127.0.0.1:8000/docs', 'accept-encoding': 'gzip, deflate, br, zstd', 'accept-language': 'en-US,en;q=0.9,en-IN;q=0.8'}
Status Code: 500
Duration: 0.1210s
Exception: name 'data' is not defined
Traceback (most recent call last):
  File "C:\Users\HP\AppData\Local\Programs\Python\Python313\Lib\site-packages\starlette\middleware\base.py", line 151, in call_next
    message = await recv_stream.receive()
              ^^^^^^^^^^^^^^^^^^^^^^^^^^^
  File "C:\Users\HP\AppData\Local\Programs\Python\Python313\Lib\site-packages\anyio\streams\memory.py", line 126, in receive
    raise EndOfStream from None
anyio.EndOfStream

During handling of the above exception, another exception occurred:

Traceback (most recent call last):
  File "D:\python\fastapi\noc\app\core\Middleware\Logging_middleware.py", line 20, in dispatch
    response = await call_next(request)
               ^^^^^^^^^^^^^^^^^^^^^^^^
  File "C:\Users\HP\AppData\Local\Programs\Python\Python313\Lib\site-packages\starlette\middleware\base.py", line 159, in call_next
    raise app_exc
  File "C:\Users\HP\AppData\Local\Programs\Python\Python313\Lib\site-packages\starlette\middleware\base.py", line 144, in coro
    await self.app(scope, receive_or_disconnect, send_no_error)
  File "C:\Users\HP\AppData\Local\Programs\Python\Python313\Lib\site-packages\starlette\middleware\cors.py", line 85, in __call__
    await self.app(scope, receive, send)
  File "C:\Users\HP\AppData\Local\Programs\Python\Python313\Lib\site-packages\starlette\middleware\exceptions.py", line 63, in __call__
    await wrap_app_handling_exceptions(self.app, conn)(scope, receive, send)
  File "C:\Users\HP\AppData\Local\Programs\Python\Python313\Lib\site-packages\starlette\_exception_handler.py", line 53, in wrapped_app
    raise exc
  File "C:\Users\HP\AppData\Local\Programs\Python\Python313\Lib\site-packages\starlette\_exception_handler.py", line 42, in wrapped_app
    await app(scope, receive, sender)
  File "C:\Users\HP\AppData\Local\Programs\Python\Python313\Lib\site-packages\starlette\routing.py", line 716, in __call__
    await self.middleware_stack(scope, receive, send)
  File "C:\Users\HP\AppData\Local\Programs\Python\Python313\Lib\site-packages\starlette\routing.py", line 736, in app
    await route.handle(scope, receive, send)
  File "C:\Users\HP\AppData\Local\Programs\Python\Python313\Lib\site-packages\starlette\routing.py", line 290, in handle
    await self.app(scope, receive, send)
  File "C:\Users\HP\AppData\Local\Programs\Python\Python313\Lib\site-packages\starlette\routing.py", line 78, in app
    await wrap_app_handling_exceptions(app, request)(scope, receive, send)
  File "C:\Users\HP\AppData\Local\Programs\Python\Python313\Lib\site-packages\starlette\_exception_handler.py", line 53, in wrapped_app
    raise exc
  File "C:\Users\HP\AppData\Local\Programs\Python\Python313\Lib\site-packages\starlette\_exception_handler.py", line 42, in wrapped_app
    await app(scope, receive, sender)
  File "C:\Users\HP\AppData\Local\Programs\Python\Python313\Lib\site-packages\starlette\routing.py", line 75, in app
    response = await f(request)
               ^^^^^^^^^^^^^^^^
  File "C:\Users\HP\AppData\Local\Programs\Python\Python313\Lib\site-packages\fastapi\routing.py", line 302, in app
    raw_response = await run_endpoint_function(
                   ^^^^^^^^^^^^^^^^^^^^^^^^^^^^
    ...<3 lines>...
    )
    ^
  File "C:\Users\HP\AppData\Local\Programs\Python\Python313\Lib\site-packages\fastapi\routing.py", line 215, in run_endpoint_function
    return await run_in_threadpool(dependant.call, **values)
           ^^^^^^^^^^^^^^^^^^^^^^^^^^^^^^^^^^^^^^^^^^^^^^^^^
  File "C:\Users\HP\AppData\Local\Programs\Python\Python313\Lib\site-packages\starlette\concurrency.py", line 38, in run_in_threadpool
    return await anyio.to_thread.run_sync(func)
           ^^^^^^^^^^^^^^^^^^^^^^^^^^^^^^^^^^^^
  File "C:\Users\HP\AppData\Local\Programs\Python\Python313\Lib\site-packages\anyio\to_thread.py", line 56, in run_sync
    return await get_async_backend().run_sync_in_worker_thread(
           ^^^^^^^^^^^^^^^^^^^^^^^^^^^^^^^^^^^^^^^^^^^^^^^^^^^^
        func, args, abandon_on_cancel=abandon_on_cancel, limiter=limiter
        ^^^^^^^^^^^^^^^^^^^^^^^^^^^^^^^^^^^^^^^^^^^^^^^^^^^^^^^^^^^^^^^^
    )
    ^
  File "C:\Users\HP\AppData\Local\Programs\Python\Python313\Lib\site-packages\anyio\_backends\_asyncio.py", line 2470, in run_sync_in_worker_thread
    return await future
           ^^^^^^^^^^^^
  File "C:\Users\HP\AppData\Local\Programs\Python\Python313\Lib\site-packages\anyio\_backends\_asyncio.py", line 967, in run
    result = context.run(func, *args)
  File "D:\python\fastapi\noc\app\controllers\V1\registration_controller.py", line 96, in get_postOffices
    "data": data,
            ^^^^
NameError: name 'data' is not defined. Did you mean: 'data1'?

----------------------------------------------------------------------------------------------------
Time: 2025-09-25T12:28:58.035306
Method: POST
Path: /v1/registration/submit
Query Params: {}
Headers: {'host': '127.0.0.1:8000', 'connection': 'keep-alive', 'content-length': '905', 'sec-ch-ua-platform': '"Windows"', 'user-agent': 'Mozilla/5.0 (Windows NT 10.0; Win64; x64) AppleWebKit/537.36 (KHTML, like Gecko) Chrome/140.0.0.0 Safari/537.36 Edg/140.0.0.0', 'accept': 'application/json', 'sec-ch-ua': '"Chromium";v="140", "Not=A?Brand";v="24", "Microsoft Edge";v="140"', 'content-type': 'application/json', 'sec-ch-ua-mobile': '?0', 'origin': 'http://127.0.0.1:8000', 'sec-fetch-site': 'same-origin', 'sec-fetch-mode': 'cors', 'sec-fetch-dest': 'empty', 'referer': 'http://127.0.0.1:8000/docs', 'accept-encoding': 'gzip, deflate, br, zstd', 'accept-language': 'en-US,en;q=0.9,en-IN;q=0.8'}
Status Code: 422
Duration: 0.0318s
----------------------------------------------------------------------------------------------------
Time: 2025-09-25T12:29:10.239416
Method: POST
Path: /v1/registration/submit
Query Params: {}
Headers: {'host': '127.0.0.1:8000', 'connection': 'keep-alive', 'content-length': '915', 'sec-ch-ua-platform': '"Windows"', 'user-agent': 'Mozilla/5.0 (Windows NT 10.0; Win64; x64) AppleWebKit/537.36 (KHTML, like Gecko) Chrome/140.0.0.0 Safari/537.36 Edg/140.0.0.0', 'accept': 'application/json', 'sec-ch-ua': '"Chromium";v="140", "Not=A?Brand";v="24", "Microsoft Edge";v="140"', 'content-type': 'application/json', 'sec-ch-ua-mobile': '?0', 'origin': 'http://127.0.0.1:8000', 'sec-fetch-site': 'same-origin', 'sec-fetch-mode': 'cors', 'sec-fetch-dest': 'empty', 'referer': 'http://127.0.0.1:8000/docs', 'accept-encoding': 'gzip, deflate, br, zstd', 'accept-language': 'en-US,en;q=0.9,en-IN;q=0.8'}
Status Code: 422
Duration: 0.3212s
----------------------------------------------------------------------------------------------------
Time: 2025-09-25T12:29:58.671204
Method: GET
Path: /v1/registration/postOffices/711101
Query Params: {}
Headers: {'host': '127.0.0.1:8000', 'connection': 'keep-alive', 'sec-ch-ua-platform': '"Windows"', 'user-agent': 'Mozilla/5.0 (Windows NT 10.0; Win64; x64) AppleWebKit/537.36 (KHTML, like Gecko) Chrome/140.0.0.0 Safari/537.36 Edg/140.0.0.0', 'accept': 'application/json', 'sec-ch-ua': '"Chromium";v="140", "Not=A?Brand";v="24", "Microsoft Edge";v="140"', 'sec-ch-ua-mobile': '?0', 'sec-fetch-site': 'same-origin', 'sec-fetch-mode': 'cors', 'sec-fetch-dest': 'empty', 'referer': 'http://127.0.0.1:8000/docs', 'accept-encoding': 'gzip, deflate, br, zstd', 'accept-language': 'en-US,en;q=0.9,en-IN;q=0.8'}
Status Code: 200
Duration: 0.0438s
----------------------------------------------------------------------------------------------------
Time: 2025-09-25T12:30:14.031228
Method: GET
Path: /v1/registration/postOffices/711101
Query Params: {}
Headers: {'host': '127.0.0.1:8000', 'connection': 'keep-alive', 'sec-ch-ua-platform': '"Windows"', 'user-agent': 'Mozilla/5.0 (Windows NT 10.0; Win64; x64) AppleWebKit/537.36 (KHTML, like Gecko) Chrome/140.0.0.0 Safari/537.36 Edg/140.0.0.0', 'accept': 'application/json', 'sec-ch-ua': '"Chromium";v="140", "Not=A?Brand";v="24", "Microsoft Edge";v="140"', 'sec-ch-ua-mobile': '?0', 'sec-fetch-site': 'same-origin', 'sec-fetch-mode': 'cors', 'sec-fetch-dest': 'empty', 'referer': 'http://127.0.0.1:8000/docs', 'accept-encoding': 'gzip, deflate, br, zstd', 'accept-language': 'en-US,en;q=0.9,en-IN;q=0.8'}
Status Code: 500
Duration: 0.0270s
----------------------------------------------------------------------------------------------------
